<?xml version="1.0" encoding="UTF-8"?>
<!-- Generated by org.testng.reporters.JUnitXMLReporter -->
<testsuite ignored="0" hostname="Gelu" failures="0" tests="3" name="Login and Logout" time="14.628" errors="0" timestamp="2023-07-10T19:36:06 EEST">
  <testcase classname="com.herokuapp.Login" name="loginTest" time="4.854"/>
  <testcase classname="com.herokuapp.Logout" name="logoutTest" time="4.669"/>
  <testcase classname="com.herokuapp.NegativeLogin" name="negativeLoginTest" time="5.086"/>
</testsuite> <!-- Login and Logout -->
