<?xml version="1.0" encoding="UTF-8"?>
<!-- Generated by org.testng.reporters.JUnitXMLReporter -->
<testsuite ignored="0" hostname="Gelu" failures="0" tests="3" name="Login and Logout" time="12.691" errors="0" timestamp="2023-07-12T00:08:24 EEST">
  <testcase classname="com.herokuapp.Login" name="loginTest" time="5.376"/>
  <testcase classname="com.herokuapp.Logout" name="logoutTest" time="3.909"/>
  <testcase classname="com.herokuapp.NegativeLogin" name="negativeLoginTest" time="3.402"/>
</testsuite> <!-- Login and Logout -->
