<?xml version="1.0" encoding="UTF-8"?>
<testng-results ignored="0" total="8" passed="8" failed="0" skipped="0">
  <reporter-output>
  </reporter-output>
  <suite started-at="2023-07-12T00:08:02 EEST" name="AllTests" finished-at="2023-07-12T00:08:45 EEST" duration-ms="42988">
    <groups>
    </groups>
    <test started-at="2023-07-12T00:08:02 EEST" name="Checkboxes" finished-at="2023-07-12T00:08:11 EEST" duration-ms="9407">
      <class name="com.herokuapp.Checkboxes">
        <test-method signature="checkBboxTest()[pri:0, instance:com.herokuapp.Checkboxes@1198b989]" started-at="2023-07-12T00:08:02 EEST" name="checkBboxTest" finished-at="2023-07-12T00:08:11 EEST" duration-ms="9371" status="PASS">
          <reporter-output>
          </reporter-output>
        </test-method> <!-- checkBboxTest -->
      </class> <!-- com.herokuapp.Checkboxes -->
    </test> <!-- Checkboxes -->
    <test started-at="2023-07-12T00:08:11 EEST" name="Login and Logout" finished-at="2023-07-12T00:08:24 EEST" duration-ms="12691">
      <class name="com.herokuapp.Logout">
        <test-method signature="logoutTest()[pri:0, instance:com.herokuapp.Logout@3c9d0b9d]" started-at="2023-07-12T00:08:17 EEST" name="logoutTest" finished-at="2023-07-12T00:08:20 EEST" duration-ms="3909" status="PASS">
          <reporter-output>
          </reporter-output>
        </test-method> <!-- logoutTest -->
      </class> <!-- com.herokuapp.Logout -->
      <class name="com.herokuapp.NegativeLogin">
        <test-method signature="negativeLoginTest()[pri:0, instance:com.herokuapp.NegativeLogin@43301423]" started-at="2023-07-12T00:08:20 EEST" name="negativeLoginTest" finished-at="2023-07-12T00:08:24 EEST" duration-ms="3402" status="PASS">
          <reporter-output>
          </reporter-output>
        </test-method> <!-- negativeLoginTest -->
      </class> <!-- com.herokuapp.NegativeLogin -->
      <class name="com.herokuapp.Login">
        <test-method signature="loginTest()[pri:0, instance:com.herokuapp.Login@6dbb137d]" started-at="2023-07-12T00:08:11 EEST" name="loginTest" finished-at="2023-07-12T00:08:17 EEST" duration-ms="5376" status="PASS">
          <reporter-output>
          </reporter-output>
        </test-method> <!-- loginTest -->
      </class> <!-- com.herokuapp.Login -->
    </test> <!-- Login and Logout -->
    <test started-at="2023-07-12T00:08:24 EEST" name="Dropdown" finished-at="2023-07-12T00:08:27 EEST" duration-ms="3046">
      <class name="com.herokuapp.Dropdown">
        <test-method signature="dropdownTest()[pri:0, instance:com.herokuapp.Dropdown@56de5251]" started-at="2023-07-12T00:08:24 EEST" name="dropdownTest" finished-at="2023-07-12T00:08:27 EEST" duration-ms="3044" status="PASS">
          <reporter-output>
          </reporter-output>
        </test-method> <!-- dropdownTest -->
      </class> <!-- com.herokuapp.Dropdown -->
    </test> <!-- Dropdown -->
    <test started-at="2023-07-12T00:08:27 EEST" name="Upload" finished-at="2023-07-12T00:08:30 EEST" duration-ms="3119">
      <class name="com.herokuapp.Upload">
        <test-method signature="uploadTest()[pri:0, instance:com.herokuapp.Upload@71b1176b]" started-at="2023-07-12T00:08:27 EEST" name="uploadTest" finished-at="2023-07-12T00:08:30 EEST" duration-ms="3117" status="PASS">
          <reporter-output>
          </reporter-output>
        </test-method> <!-- uploadTest -->
      </class> <!-- com.herokuapp.Upload -->
    </test> <!-- Upload -->
    <test started-at="2023-07-12T00:08:30 EEST" name="Download" finished-at="2023-07-12T00:08:37 EEST" duration-ms="6608">
      <class name="com.herokuapp.Download">
        <test-method signature="downloadTest()[pri:0, instance:com.herokuapp.Download@5dd6264]" started-at="2023-07-12T00:08:30 EEST" name="downloadTest" finished-at="2023-07-12T00:08:37 EEST" duration-ms="6607" status="PASS">
          <reporter-output>
          </reporter-output>
        </test-method> <!-- downloadTest -->
      </class> <!-- com.herokuapp.Download -->
    </test> <!-- Download -->
    <test started-at="2023-07-12T00:08:37 EEST" name="Inputs" finished-at="2023-07-12T00:08:45 EEST" duration-ms="8030">
      <class name="com.herokuapp.Inputs">
        <test-method signature="inputTest()[pri:0, instance:com.herokuapp.Inputs@7ee955a8]" started-at="2023-07-12T00:08:37 EEST" name="inputTest" finished-at="2023-07-12T00:08:45 EEST" duration-ms="8028" status="PASS">
          <reporter-output>
          </reporter-output>
        </test-method> <!-- inputTest -->
      </class> <!-- com.herokuapp.Inputs -->
    </test> <!-- Inputs -->
  </suite> <!-- AllTests -->
</testng-results>
